<?xml version="1.0" encoding="UTF-8"?>
<testsuites>
    <testsuite name="adding-some-numbers;add-two-numbers" tests="3" failures="1" skipped="2">
        <properties>
            <property name="URI" value="/mnt/c/Users/USER/workspace/bdd-example/bdd/features/calculator.feature">
            </property>
        </properties>
        <testcase name="Given I have my calculator open" classname="adding-some-numbers;add-two-numbers" time="0.037688">
            <failure message="Error: Server terminated early with status 127">Error: Server terminated early with status 127
    at earlyTermination.catch.e (/mnt/c/Users/USER/workspace/bdd-example/bdd/node_modules/selenium-webdriver/remote/index.js:252:52)
    at &lt;anonymous&gt;
    at process._tickCallback (internal/process/next_tick.js:188:7)
From: Task: WebDriver.createSession()
    at Function.createSession (/mnt/c/Users/USER/workspace/bdd-example/bdd/node_modules/selenium-webdriver/lib/webdriver.js:769:24)
    at Function.createSession (/mnt/c/Users/USER/workspace/bdd-example/bdd/node_modules/selenium-webdriver/chrome.js:761:15)
    at createDriver (/mnt/c/Users/USER/workspace/bdd-example/bdd/node_modules/selenium-webdriver/index.js:170:33)
    at Builder.build (/mnt/c/Users/USER/workspace/bdd-example/bdd/node_modules/selenium-webdriver/index.js:642:16)
    at new module.exports (/mnt/c/Users/USER/workspace/bdd-example/bdd/node_modules/selenium-cucumber-js/runtime/chromeDriver.js:20:8)
    at getDriverInstance (/mnt/c/Users/USER/workspace/bdd-example/bdd/node_modules/selenium-cucumber-js/runtime/world.js:54:22)
    at /mnt/c/Users/USER/workspace/bdd-example/bdd/node_modules/selenium-cucumber-js/runtime/world.js:207:29</failure>
        </testcase>
        <testcase name="When I enter &quot;2&quot; &quot;+&quot; &quot;2&quot;" classname="adding-some-numbers;add-two-numbers">
            <skipped message="">
            </skipped>
        </testcase>
        <testcase name="Then I should get the answer &quot;4&quot;" classname="adding-some-numbers;add-two-numbers">
            <skipped message="">
            </skipped>
        </testcase>
    </testsuite>
</testsuites>